D:\Learning\VisualStudio\MSBuild\Microsoft\VC\v160\Microsoft.CppBuild.targets(453,5): warning MSB8004: Output 目录未以斜杠结尾。  此生成实例将添加斜杠，因为必须有这个斜杠才能正确计算 Output 目录。
  cmdutils.c
D:\AMedia\ffplay_vs2019\config.h(1,1): warning C4819: 该文件包含不能在当前代码页(936)中表示的字符。请将该文件保存为 Unicode 格式以防止数据丢失
D:\AMedia\ffplay_vs2019\include\libavutil\rational.h(1,1): warning C4819: 该文件包含不能在当前代码页(936)中表示的字符。请将该文件保存为 Unicode 格式以防止数据丢失
D:\AMedia\ffplay_vs2019\cmdutils.c(125,23): warning C4133: “函数”: 从“char [1]”到“LPCWSTR”的类型不兼容
D:\AMedia\ffplay_vs2019\cmdutils.c(210,28): warning C4090: “函数”: 不同的“const”限定符
D:\AMedia\ffplay_vs2019\cmdutils.c(221,1): warning C4267: “初始化”: 从“size_t”转换到“int”，可能丢失数据
D:\AMedia\ffplay_vs2019\cmdutils.c(326,81): warning C4244: “=”: 从“double”转换到“int”，可能丢失数据
D:\AMedia\ffplay_vs2019\cmdutils.c(328,88): warning C4305: “函数”: 从“__int64”到“double”截断
D:\AMedia\ffplay_vs2019\cmdutils.c(328,89): warning C4244: “=”: 从“double”转换到“int64_t”，可能丢失数据
D:\AMedia\ffplay_vs2019\cmdutils.c(332,86): warning C4244: “=”: 从“double”转换到“float”，可能丢失数据
D:\AMedia\ffplay_vs2019\cmdutils.c(518,16): warning C4996: 'getenv': This function or variable may be unsafe. Consider using _dupenv_s instead. To disable deprecation, use _CRT_SECURE_NO_WARNINGS. See online help for details.
D:\AMedia\ffplay_vs2019\cmdutils.c(569,26): warning C4090: “函数”: 不同的“const”限定符
D:\AMedia\ffplay_vs2019\cmdutils.c(572,27): warning C4090: “函数”: 不同的“const”限定符
D:\AMedia\ffplay_vs2019\cmdutils.c(576,26): warning C4090: “函数”: 不同的“const”限定符
D:\AMedia\ffplay_vs2019\cmdutils.c(584,39): warning C4090: “函数”: 不同的“const”限定符
D:\AMedia\ffplay_vs2019\cmdutils.c(611,44): warning C4090: “函数”: 不同的“const”限定符
D:\AMedia\ffplay_vs2019\cmdutils.c(625,24): warning C4090: “函数”: 不同的“const”限定符
D:\AMedia\ffplay_vs2019\cmdutils.c(553,25): warning C4996: 'avresample_get_class': 被声明为已否决
D:\AMedia\ffplay_vs2019\cmdutils.c(990,10): warning C4996: 'localtime': This function or variable may be unsafe. Consider using localtime_s instead. To disable deprecation, use _CRT_SECURE_NO_WARNINGS. See online help for details.
D:\AMedia\ffplay_vs2019\cmdutils.c(1030,19): warning C4996: 'fopen': This function or variable may be unsafe. Consider using fopen_s instead. To disable deprecation, use _CRT_SECURE_NO_WARNINGS. See online help for details.
D:\AMedia\ffplay_vs2019\cmdutils.c(1034,30): warning C4996: 'strerror': This function or variable may be unsafe. Consider using strerror_s instead. To disable deprecation, use _CRT_SECURE_NO_WARNINGS. See online help for details.
D:\AMedia\ffplay_vs2019\cmdutils.c(1087,22): warning C4996: 'strerror': This function or variable may be unsafe. Consider using strerror_s instead. To disable deprecation, use _CRT_SECURE_NO_WARNINGS. See online help for details.
D:\AMedia\ffplay_vs2019\cmdutils.c(1134,5): warning C4996: 'avresample_version': 被声明为已否决
D:\AMedia\ffplay_vs2019\cmdutils.c(1163,9): warning C4996: 'strncpy': This function or variable may be unsafe. Consider using strncpy_s instead. To disable deprecation, use _CRT_SECURE_NO_WARNINGS. See online help for details.
D:\AMedia\ffplay_vs2019\cmdutils.c(1169,9): warning C4996: 'strncpy': This function or variable may be unsafe. Consider using strncpy_s instead. To disable deprecation, use _CRT_SECURE_NO_WARNINGS. See online help for details.
D:\AMedia\ffplay_vs2019\cmdutils.c(1172,17): warning C4996: 'strtok': This function or variable may be unsafe. Consider using strtok_s instead. To disable deprecation, use _CRT_SECURE_NO_WARNINGS. See online help for details.
D:\AMedia\ffplay_vs2019\cmdutils.c(1176,21): warning C4996: 'strtok': This function or variable may be unsafe. Consider using strtok_s instead. To disable deprecation, use _CRT_SECURE_NO_WARNINGS. See online help for details.
D:\AMedia\ffplay_vs2019\cmdutils.c(1499,20): warning C4996: 'av_codec_next': 被声明为已否决
D:\AMedia\ffplay_vs2019\cmdutils.c(1532,17): warning C4090: “函数”: 不同的“const”限定符
D:\AMedia\ffplay_vs2019\cmdutils.c(1600,19): warning C4090: “函数”: 不同的“const”限定符
D:\AMedia\ffplay_vs2019\cmdutils.c(1639,19): warning C4090: “函数”: 不同的“const”限定符
D:\AMedia\ffplay_vs2019\cmdutils.c(2027,29): warning C4996: 'getenv': This function or variable may be unsafe. Consider using _dupenv_s instead. To disable deprecation, use _CRT_SECURE_NO_WARNINGS. See online help for details.
D:\AMedia\ffplay_vs2019\cmdutils.c(2028,29): warning C4996: 'getenv': This function or variable may be unsafe. Consider using _dupenv_s instead. To disable deprecation, use _CRT_SECURE_NO_WARNINGS. See online help for details.
D:\AMedia\ffplay_vs2019\cmdutils.c(2033,13): warning C4996: 'fopen': This function or variable may be unsafe. Consider using fopen_s instead. To disable deprecation, use _CRT_SECURE_NO_WARNINGS. See online help for details.
D:\AMedia\ffplay_vs2019\cmdutils.c(2047,17): warning C4996: 'strncat': This function or variable may be unsafe. Consider using strncat_s instead. To disable deprecation, use _CRT_SECURE_NO_WARNINGS. See online help for details.
D:\AMedia\ffplay_vs2019\cmdutils.c(2057,17): warning C4996: 'fopen': This function or variable may be unsafe. Consider using fopen_s instead. To disable deprecation, use _CRT_SECURE_NO_WARNINGS. See online help for details.
D:\AMedia\ffplay_vs2019\cmdutils.c(2063,21): warning C4996: 'fopen': This function or variable may be unsafe. Consider using fopen_s instead. To disable deprecation, use _CRT_SECURE_NO_WARNINGS. See online help for details.
D:\AMedia\ffplay_vs2019\cmdutils.c(2119,28): warning C4090: “函数”: 不同的“const”限定符
D:\AMedia\ffplay_vs2019\cmdutils.c(2122,44): warning C4090: “函数”: 不同的“const”限定符
D:\AMedia\ffplay_vs2019\cmdutils.c(2126,33): warning C4090: “函数”: 不同的“const”限定符
D:\AMedia\ffplay_vs2019\cmdutils.c(2150,19): warning C4018: “<”: 有符号/无符号不匹配
  ffplay.c
D:\AMedia\ffplay_vs2019\config.h(1,1): warning C4819: 该文件包含不能在当前代码页(936)中表示的字符。请将该文件保存为 Unicode 格式以防止数据丢失
D:\AMedia\ffplay_vs2019\include\libavutil\rational.h(1,1): warning C4819: 该文件包含不能在当前代码页(936)中表示的字符。请将该文件保存为 Unicode 格式以防止数据丢失
D:\AMedia\ffplay_vs2019\ffplay.c(412,5): warning C4090: “函数”: 不同的“const”限定符
D:\AMedia\ffplay_vs2019\ffplay.c(894,28): warning C4244: “=”: 从“int64_t”转换到“int”，可能丢失数据
D:\AMedia\ffplay_vs2019\ffplay.c(895,28): warning C4244: “=”: 从“int64_t”转换到“int”，可能丢失数据
D:\AMedia\ffplay_vs2019\ffplay.c(1008,35): warning C4018: “<”: 有符号/无符号不匹配
D:\AMedia\ffplay_vs2019\ffplay.c(1097,63): warning C4244: “-=”: 从“int64_t”转换到“int”，可能丢失数据
D:\AMedia\ffplay_vs2019\ffplay.c(1182,69): warning C4244: “=”: 从“double”转换到“FFTSample”，可能丢失数据
D:\AMedia\ffplay_vs2019\ffplay.c(1196,1): warning C4244: “初始化”: 从“double”转换到“int”，可能丢失数据
D:\AMedia\ffplay_vs2019\ffplay.c(1197,1): warning C4244: “初始化”: 从“double”转换到“int”，可能丢失数据
D:\AMedia\ffplay_vs2019\ffplay.c(1220,42): warning C4018: “>=”: 有符号/无符号不匹配
D:\AMedia\ffplay_vs2019\ffplay.c(1320,28): warning C4090: “函数”: 不同的“const”限定符
D:\AMedia\ffplay_vs2019\ffplay.c(1671,47): warning C4018: “<”: 有符号/无符号不匹配
D:\AMedia\ffplay_vs2019\ffplay.c(1841,19): warning C4018: “<”: 有符号/无符号不匹配
D:\AMedia\ffplay_vs2019\ffplay.c(1864,19): warning C4018: “<”: 有符号/无符号不匹配
D:\AMedia\ffplay_vs2019\ffplay.c(2462,33): warning C4018: “>=”: 有符号/无符号不匹配
D:\AMedia\ffplay_vs2019\ffplay.c(2584,42): warning C4018: “>=”: 有符号/无符号不匹配
D:\AMedia\ffplay_vs2019\ffplay.c(2861,19): warning C4018: “<”: 有符号/无符号不匹配
D:\AMedia\ffplay_vs2019\ffplay.c(3236,60): warning C4244: “函数”: 从“int64_t”转换到“unsigned int”，可能丢失数据
D:\AMedia\ffplay_vs2019\ffplay.c(3253,19): warning C4018: “<”: 有符号/无符号不匹配
D:\AMedia\ffplay_vs2019\ffplay.c(3263,11): warning C4018: “>=”: 有符号/无符号不匹配
D:\AMedia\ffplay_vs2019\ffplay.c(3246,1): warning C4244: “初始化”: 从“double”转换到“int64_t”，可能丢失数据
D:\AMedia\ffplay_vs2019\ffplay.c(3368,75): warning C4244: “=”: 从“int64_t”转换到“double”，可能丢失数据
D:\AMedia\ffplay_vs2019\ffplay.c(3370,75): warning C4244: “=”: 从“int64_t”转换到“double”，可能丢失数据
D:\AMedia\ffplay_vs2019\ffplay.c(3372,64): warning C4244: “=”: 从“int64_t”转换到“double”，可能丢失数据
D:\AMedia\ffplay_vs2019\ffplay.c(3378,52): warning C4244: “函数”: 从“double”转换到“int64_t”，可能丢失数据
D:\AMedia\ffplay_vs2019\ffplay.c(3378,58): warning C4244: “函数”: 从“double”转换到“int64_t”，可能丢失数据
D:\AMedia\ffplay_vs2019\ffplay.c(3425,69): warning C4244: “函数”: 从“double”转换到“int64_t”，可能丢失数据
D:\AMedia\ffplay_vs2019\ffplay.c(3430,64): warning C4244: “=”: 从“__int64”转换到“int”，可能丢失数据
D:\AMedia\ffplay_vs2019\ffplay.c(3435,38): warning C4244: “=”: 从“double”转换到“int”，可能丢失数据
D:\AMedia\ffplay_vs2019\ffplay.c(3442,57): warning C4244: “=”: 从“double”转换到“int64_t”，可能丢失数据
D:\AMedia\ffplay_vs2019\ffplay.c(3479,72): warning C4244: “=”: 从“double”转换到“int”，可能丢失数据
D:\AMedia\ffplay_vs2019\ffplay.c(3485,73): warning C4244: “=”: 从“double”转换到“int”，可能丢失数据
D:\AMedia\ffplay_vs2019\ffplay.c(3587,1): warning C4090: “初始化”: 不同的“const”限定符
D:\AMedia\ffplay_vs2019\ffplay.c(3588,1): warning C4090: “初始化”: 不同的“const”限定符
D:\AMedia\ffplay_vs2019\ffplay.c(3589,1): warning C4090: “初始化”: 不同的“const”限定符
D:\AMedia\ffplay_vs2019\ffplay.c(3612,1): warning C4090: “初始化”: 不同的“const”限定符
D:\AMedia\ffplay_vs2019\ffplay.c(3624,1): warning C4090: “初始化”: 不同的“const”限定符
D:\AMedia\ffplay_vs2019\ffplay.c(3625,1): warning C4090: “初始化”: 不同的“const”限定符
D:\AMedia\ffplay_vs2019\ffplay.c(3626,1): warning C4090: “初始化”: 不同的“const”限定符
  正在生成代码...
  ffplay_vs2019.vcxproj -> D:\AMedia\ffplay_vs2019\./bin\ffplay_vs2019.exe
